<?xml version="1.0" encoding="UTF-8"?>
<!-- Generated by org.testng.reporters.JUnitReportReporter -->
<testsuite skipped="0" hostname="LAPTOP-IG82TVRO" name="org.nextgen.SampleGen1" tests="3" failures="0" timestamp="30 Apr 2021 09:28:41 GMT" time="0.002" errors="0">
  <testcase name="tc3" time="0.002" classname="org.nextgen.SampleGen1"/>
  <testcase name="tc4" time="0.000" classname="org.nextgen.SampleGen1"/>
  <testcase name="tc5" time="0.000" classname="org.nextgen.SampleGen1"/>
</testsuite> <!-- org.nextgen.SampleGen1 -->
