<?xml version="1.0" encoding="UTF-8"?>
<!-- Generated by org.testng.reporters.JUnitReportReporter -->
<testsuite skipped="0" hostname="LAPTOP-IG82TVRO" name="org.testnext.SampleTest" tests="1" failures="0" timestamp="26 Apr 2021 10:03:36 GMT" time="0.004" errors="0">
  <testcase name="tc0" time="0.004" classname="org.testnext.SampleTest"/>
</testsuite> <!-- org.testnext.SampleTest -->
