<?xml version="1.0" encoding="UTF-8"?>
<!-- Generated by org.testng.reporters.JUnitReportReporter -->
<testsuite skipped="0" hostname="LAPTOP-IG82TVRO" name="org.nextgen.SampleGen" tests="1" failures="0" timestamp="30 Apr 2021 09:37:12 GMT" time="3.935" errors="0">
  <testcase name="tc0" time="3.935" classname="org.nextgen.SampleGen"/>
</testsuite> <!-- org.nextgen.SampleGen -->
