<?xml version="1.0" encoding="UTF-8"?>
<!-- Generated by org.testng.reporters.JUnitReportReporter -->
<testsuite skipped="0" hostname="LAPTOP-IG82TVRO" name="org.report.SampleReport" tests="2" failures="0" timestamp="01 May 2021 09:26:41 GMT" time="0.543" errors="0">
  <testcase name="tc1" time="0.340" classname="org.report.SampleReport"/>
  <testcase name="tc0" time="0.203" classname="org.report.SampleReport"/>
</testsuite> <!-- org.report.SampleReport -->
