<?xml version="1.0" encoding="UTF-8"?>
<!-- Generated by org.testng.reporters.JUnitReportReporter -->
<testsuite skipped="0" hostname="LAPTOP-IG82TVRO" name="org.nextgen.SampleGen2" tests="3" failures="0" timestamp="30 Apr 2021 09:28:41 GMT" time="0.009" errors="0">
  <testcase name="tc6" time="0.008" classname="org.nextgen.SampleGen2"/>
  <testcase name="tc7" time="0.000" classname="org.nextgen.SampleGen2"/>
  <testcase name="tc8" time="0.001" classname="org.nextgen.SampleGen2"/>
</testsuite> <!-- org.nextgen.SampleGen2 -->
