<?xml version="1.0" encoding="UTF-8"?>
<!-- Generated by org.testng.reporters.JUnitReportReporter -->
<testsuite skipped="0" hostname="LAPTOP-IG82TVRO" name="org.blaze.BlazeClass1" tests="3" failures="0" timestamp="01 May 2021 06:40:57 GMT" time="4.293" errors="0">
  <testcase name="tc2" time="0.537" classname="org.blaze.BlazeClass1"/>
  <testcase name="tc3" time="2.756" classname="org.blaze.BlazeClass1"/>
  <testcase name="tc1" time="1.000" classname="org.blaze.BlazeClass1"/>
</testsuite> <!-- org.blaze.BlazeClass1 -->
