<?xml version="1.0" encoding="UTF-8"?>
<!-- Generated by org.testng.reporters.JUnitReportReporter -->
<testsuite skipped="0" hostname="LAPTOP-IG82TVRO" name="org.nextgen.Dprovider" tests="2" failures="0" timestamp="28 Apr 2021 11:23:33 GMT" time="5.379" errors="0">
  <testcase name="tc0" time="2.268" classname="org.nextgen.Dprovider"/>
  <testcase name="tc0" time="3.111" classname="org.nextgen.Dprovider"/>
</testsuite> <!-- org.nextgen.Dprovider -->
