<?xml version="1.0" encoding="UTF-8"?>
<!-- Generated by org.testng.reporters.JUnitReportReporter -->
<testsuite skipped="0" hostname="LAPTOP-IG82TVRO" name="org.nextgen.AmazonLogin" tests="3" failures="0" timestamp="28 Apr 2021 12:01:28 GMT" time="14.314" errors="0">
  <testcase name="amazon" time="4.910" classname="org.nextgen.AmazonLogin"/>
  <testcase name="amazon" time="5.051" classname="org.nextgen.AmazonLogin"/>
  <testcase name="amazon" time="4.353" classname="org.nextgen.AmazonLogin"/>
</testsuite> <!-- org.nextgen.AmazonLogin -->
